make.exe all --print-data-base --no-builtin-variables --no-builtin-rules --question
# GNU Make 3.82.90
# Built for i686-pc-mingw32
# Copyright (C) 1988-2012 Free Software Foundation, Inc.
# License GPLv3+: GNU GPL version 3 or later <http://gnu.org/licenses/gpl.html>
# This is free software: you are free to change and redistribute it.
# There is NO WARRANTY, to the extent permitted by law.
 

# Make data base, printed on Fri May 20 20:36:03 2022

# Variables

# automatic
<D = $(patsubst %/,%,$(patsubst %\,%,$(dir $<)))
# automatic
?F = $(notdir $?)
# default
.SHELLFLAGS := -c
# makefile
MAKEFLAGS = Rrqp
# environment
VSCODE_LOG_NATIVE = false
# automatic
?D = $(patsubst %/,%,$(patsubst %\,%,$(dir $?)))
# automatic
@D = $(patsubst %/,%,$(patsubst %\,%,$(dir $@)))
# environment
HOMEDRIVE = C:
# automatic
@F = $(notdir $@)
# automatic
^D = $(patsubst %/,%,$(patsubst %\,%,$(dir $^)))
# makefile
CURDIR := d:/Desktop/SolarShell
# default
SHELL := sh.exe
# environment
WINDIR = C:\Windows
# environment
VSCODE_NLS_CONFIG = {"locale":"zh-cn","availableLanguages":{"*":"zh-cn"},"_languagePackId":"42e84e0914b17800d483f69e299e1b00.zh-cn","_translationsConfigFile":"C:\\Users\\solar\\AppData\\Roaming\\Code\\clp\\42e84e0914b17800d483f69e299e1b00.zh-cn\\tcf.json","_cacheRoot":"C:\\Users\\solar\\AppData\\Roaming\\Code\\clp\\42e84e0914b17800d483f69e299e1b00.zh-cn","_resolvedLanguagePackCoreLocation":"C:\\Users\\solar\\AppData\\Roaming\\Code\\clp\\42e84e0914b17800d483f69e299e1b00.zh-cn\\c3511e6c69bb39013c4a4b7b9566ec1ca73fc4d5","_corruptedFile":"C:\\Users\\solar\\AppData\\Roaming\\Code\\clp\\42e84e0914b17800d483f69e299e1b00.zh-cn\\corrupted.info","_languagePackSupport":true}
# environment
ONEDRIVE = C:\Users\solar\OneDrive
# environment
PATHEXT = .COM;.EXE;.BAT;.CMD;.VBS;.VBE;.JS;.JSE;.WSF;.WSH;.MSC
# makefile
MAKEFILE_LIST := 
# environment
TMP = C:\Users\solar\AppData\Local\Temp
# environment
VSCODE_VERBOSE_LOGGING = true
# environment
PROGRAMW6432 = C:\Program Files
# environment
PROGRAMDATA = C:\ProgramData
# environment
VSCODE_IPC_HOOK_EXTHOST = \\.\pipe\vscode-ipc-ac2537a1-dbcb-4aea-8b04-5a5c6099c32f-sock
# environment
VSCODE_CWD = C:\Windows\system32
# environment
PATH = E:\software\vmware\bin\;C:\Windows\system32;C:\Windows;C:\Windows\System32\Wbem;C:\Windows\System32\WindowsPowerShell\v1.0\;C:\Windows\System32\OpenSSH\;E:\software\CMAKE\bin;E:\software\MDK\ARM\ARMCC\bin;C:\Program Files\Git\cmd;C:\MinGW\bin;C:\Users\solar\AppData\Local\Programs\Microsoft VS Code\bin
# environment
COMMONPROGRAMW6432 = C:\Program Files\Common Files
# environment
PROCESSOR_ARCHITECTURE = x86
# environment
USERPROFILE = C:\Users\solar
# environment
ALLUSERSPROFILE = C:\ProgramData
# environment
VSCODE_LOG_STACK = false
# environment
NUMBER_OF_PROCESSORS = 12
# environment
ELECTRON_RUN_AS_NODE = 1
# default
.FEATURES := target-specific order-only second-expansion else-if shortest-stem undefine oneshell archives jobserver
# automatic
%F = $(notdir $%)
# environment
CHROME_CRASHPAD_PIPE_NAME = \\.\pipe\crashpad_1596_XTJOWIUQBSFSQOFI
# environment
VSCODE_PIPE_LOGGING = true
# environment
COMPUTERNAME = DESKTOP-101LOBD
# environment
PROGRAMFILES = C:\Program Files (x86)
# environment
DRIVERDATA = C:\Windows\System32\Drivers\DriverData
# environment
ORIGINAL_XDG_CURRENT_DESKTOP = undefined
# environment
USERNAME = solar
# environment
PUBLIC = C:\Users\Public
# environment
VSCODE_AMD_ENTRYPOINT = vs/workbench/api/node/extensionHostProcess
# environment
VSCODE_CODE_CACHE_PATH = C:\Users\solar\AppData\Roaming\Code\CachedData\c3511e6c69bb39013c4a4b7b9566ec1ca73fc4d5
# environment
APPLICATION_INSIGHTS_NO_DIAGNOSTIC_CHANNEL = 1
# environment
COMMONPROGRAMFILES = C:\Program Files (x86)\Common Files
# environment
LOGONSERVER = \\DESKTOP-101LOBD
# environment
ONEDRIVECONSUMER = C:\Users\solar\OneDrive
# environment
VSCODE_HANDLES_UNCAUGHT_ERRORS = true
# environment
USERDOMAIN = DESKTOP-101LOBD
# environment
MAKELEVEL := 0
# default
MAKE = $(MAKE_COMMAND)
# default
MAKECMDGOALS := all
# default
MAKE_VERSION := 3.82.90
# makefile
.DEFAULT_GOAL := 
# environment
PROGRAMFILES(X86) = C:\Program Files (x86)
# automatic
%D = $(patsubst %/,%,$(patsubst %\,%,$(dir $%)))
# environment
LOCALAPPDATA = C:\Users\solar\AppData\Local
# environment
PSMODULEPATH = C:\Program Files\WindowsPowerShell\Modules;C:\Windows\system32\WindowsPowerShell\v1.0\Modules
# default
MAKE_COMMAND := make.exe
# environment
PROCESSOR_ARCHITEW6432 = AMD64
# default
.VARIABLES := 
# automatic
 
*F = $(notdir $*)
# environment
PROCESSOR_IDENTIFIER = Intel64 Family 6 Model 158 Stepping 10, GenuineIntel
# environment
OS = Windows_NT
# environment
VSCODE_IPC_HOOK = \\.\pipe\33da1bc370836609b88c7fa2e26d9194-1.67.2-main-sock
# environment
HOMEPATH = \Users\solar
# environment
COMMONPROGRAMFILES(X86) = C:\Program Files (x86)\Common Files
# environment
PROMPT = $P$G
# environment
MFLAGS = -Rrqp
# automatic
*D = $(patsubst %/,%,$(patsubst %\,%,$(dir $*)))
# environment
SYSTEMROOT = C:\Windows
# automatic
+D = $(patsubst %/,%,$(patsubst %\,%,$(dir $+)))
# automatic
+F = $(notdir $+)
# environment
APPDATA = C:\Users\solar\AppData\Roaming
# environment
TEMP = C:\Users\solar\AppData\Local\Temp
# environment
COMSPEC = C:\Windows\system32\cmd.exe
# default
MAKEFILES := 
# automatic
<F = $(notdir $<)
# environment
LC_ALL = C
# automatic
^F = $(notdir $^)
# default
SUFFIXES := 
# environment
SYSTEMDRIVE = C:
# environment
SESSIONNAME = Console
# environment
PROCESSOR_REVISION = 9e0a
# environment
MOZ_PLUGIN_PATH = E:\software\Foxit PhantomPDF\plugins\
# default
.INCLUDE_DIRS = C:/MinGW/include
# default
.RECIPEPREFIX := 
# environment
LANG = C
# environment
PROCESSOR_LEVEL = 6
# environment
VSCODE_PID = 1596
# environment
USERDOMAIN_ROAMINGPROFILE = DESKTOP-101LOBD
# variable set hash-table stats:
# Load=91/1024=9%, Rehash=0, Collisions=11/107=10%

# Pattern-specific Variable Values

# No pattern-specific variable values.

# Directories

# C:\Windows\System32\WindowsPowerShell\v1.0\ (key C:/Windows/System32/WindowsPowerShell/v1.0/, mtime 1623009329): 31 files, no impossibilities.
# . (key d:/Desktop/SolarShell, mtime 1653050155): 8 files, no impossibilities.
# C:\Users\solar\AppData\Local\Programs\Microsoft VS Code\bin: could not be stat'd.
# C:\Program Files\Git\cmd (key C:/Program Files/Git/cmd, mtime 1652353577): 8 files, no impossibilities.
# C:\Windows\System32\OpenSSH\: could not be stat'd.
# E:\software\MDK\ARM\ARMCC\bin (key E:/software/MDK/ARM/ARMCC/bin, mtime 1651119272): 8 files, no impossibilities.
# C:\MinGW\bin (key C:/MinGW/bin, mtime 1651933939): 144 files, no impossibilities.
# E:\software\CMAKE\bin (key E:/software/CMAKE/bin, mtime 1651932885): 7 files, no impossibilities.
# C:\Windows (key C:/Windows, mtime 1652635310): 105 files, no impossibilities.
# C:\Windows\System32\Wbem (key C:/Windows/System32/Wbem, mtime 1652385169): 171 files, no impossibilities.
# E:\software\vmware\bin\ (key E:/software/vmware/bin/, mtime 1652365026): 4 files, no impossibilities.
# C:\Windows\system32 (key C:/Windows/system32, mtime 1652887529): 2962 files, no impossibilities.

# 3448 files, no impossibilities in 12 directories.

# Implicit Rules

# No implicit rules.

# Files

# Not a target:
all:
#  Command line target.
#  Implicit rule search has been done.
#  File does not exist.
#  File has not been updated.

# Not a target:
.SUFFIXES:
#  Implicit rule search has not been done.
#  Modification time never checked.
#  File has not been updated.

# Not a target:
Makefile:
#  Implicit rule search has been done.
#  File does not exist.
#  File has been updated.
#  Failed to be updated.

# Not a target:
makefile:
#  Implicit rule search has been done.
#  File does not exist.
#  File has been updated.
#  Failed to be updated.

# Not a target:
.DEFAULT:
#  Implicit rule search has not been done.
#  Modification time never checked.
#  File has not been updated.

# Not a target:
GNUmakefile:
#  Implicit rule search has been done.
#  File does not exist.
#  File has been updated.
#  Failed to be updated.

# files hash-table stats:
# Load=6/1024=1%, Rehash=0, Collisions=0/15=0%
# VPATH Search Paths

# No 'vpath' search paths.

# No general ('VPATH' variable) search path.

# strcache buffers: 7 (6) / strings = 3429 / storage = 52100 B / avg = 15 B
# current buf: size = 8174 B / used = 3112 B / count = 217 / avg = 14 B
# other used: total = 43926 B / count = 3212 / avg = 13 B
# other free: total = 56 B / max = 13 B / min = 4 B / avg = 9 B

# strcache performance: lookups = 3468 / hit rate = 1%
# hash-table stats:
# Load=3429/8192=42%, Rehash=0, Collisions=1138/3468=33%
# Finished Make data base on Fri May 20 20:36:03 2022

 
make.exe: *** No rule to make target 'all'.  Stop.

